{"contracts/NftMarketplace.sol":{"l":{"54":13,"55":13,"56":1,"58":12,"62":17,"63":17,"64":17,"65":3,"67":14,"71":9,"72":9,"73":3,"75":6,"83":11,"84":0,"87":11,"88":11,"89":1,"91":10,"92":10,"96":3,"97":3,"98":1,"100":2,"101":2,"102":2,"103":2,"107":1,"108":1,"112":1,"113":1,"117":2,"118":2,"119":1,"121":1,"122":1,"123":1,"124":0,"129":3,"133":2},"path":"/mnt/c/Users/su-ad/Documents/hardhat-nft-marketplace-fcc/contracts/NftMarketplace.sol","s":{"1":13,"2":13,"3":17,"4":17,"5":17,"6":9,"7":9,"8":11,"9":11,"10":11,"11":10,"12":10,"13":3,"14":3,"15":2,"16":2,"17":2,"18":1,"19":1,"20":1,"21":2,"22":2,"23":1,"24":1,"25":1,"26":3,"27":2},"b":{"1":[1,12],"2":[3,14],"3":[3,6],"4":[0,11],"5":[1,10],"6":[1,2],"7":[1,1],"8":[0,1]},"f":{"1":13,"2":17,"3":9,"4":11,"5":3,"6":1,"7":1,"8":2,"9":3,"10":2},"fnMap":{"1":{"name":"notListed","line":49,"loc":{"start":{"line":49,"column":4},"end":{"line":59,"column":4}}},"2":{"name":"isOwner","line":61,"loc":{"start":{"line":61,"column":4},"end":{"line":68,"column":4}}},"3":{"name":"isListed","line":70,"loc":{"start":{"line":70,"column":4},"end":{"line":76,"column":4}}},"4":{"name":"listItem","line":82,"loc":{"start":{"line":78,"column":4},"end":{"line":93,"column":4}}},"5":{"name":"buyItem","line":95,"loc":{"start":{"line":95,"column":4},"end":{"line":104,"column":4}}},"6":{"name":"cancelListing","line":106,"loc":{"start":{"line":106,"column":4},"end":{"line":109,"column":4}}},"7":{"name":"updateListing","line":111,"loc":{"start":{"line":111,"column":4},"end":{"line":114,"column":4}}},"8":{"name":"withdrawProceeds","line":116,"loc":{"start":{"line":116,"column":4},"end":{"line":126,"column":4}}},"9":{"name":"getListing","line":128,"loc":{"start":{"line":128,"column":4},"end":{"line":130,"column":4}}},"10":{"name":"getProceeds","line":132,"loc":{"start":{"line":132,"column":4},"end":{"line":134,"column":4}}}},"statementMap":{"1":{"start":{"line":54,"column":8},"end":{"line":54,"column":64}},"2":{"start":{"line":55,"column":8},"end":{"line":55,"column":1650}},"3":{"start":{"line":62,"column":8},"end":{"line":62,"column":41}},"4":{"start":{"line":63,"column":8},"end":{"line":63,"column":44}},"5":{"start":{"line":64,"column":8},"end":{"line":64,"column":1957}},"6":{"start":{"line":71,"column":8},"end":{"line":71,"column":64}},"7":{"start":{"line":72,"column":8},"end":{"line":72,"column":2199}},"8":{"start":{"line":83,"column":8},"end":{"line":83,"column":2537}},"9":{"start":{"line":87,"column":8},"end":{"line":87,"column":41}},"10":{"start":{"line":88,"column":8},"end":{"line":88,"column":2681}},"11":{"start":{"line":91,"column":8},"end":{"line":91,"column":67}},"12":{"start":{"line":92,"column":8},"end":{"line":92,"column":63}},"13":{"start":{"line":96,"column":8},"end":{"line":96,"column":67}},"14":{"start":{"line":97,"column":8},"end":{"line":97,"column":3152}},"15":{"start":{"line":100,"column":8},"end":{"line":100,"column":80}},"16":{"start":{"line":102,"column":8},"end":{"line":102,"column":83}},"17":{"start":{"line":103,"column":8},"end":{"line":103,"column":74}},"18":{"start":{"line":108,"column":8},"end":{"line":108,"column":59}},"19":{"start":{"line":112,"column":8},"end":{"line":112,"column":55}},"20":{"start":{"line":113,"column":8},"end":{"line":113,"column":66}},"21":{"start":{"line":117,"column":8},"end":{"line":117,"column":49}},"22":{"start":{"line":118,"column":8},"end":{"line":118,"column":4271}},"23":{"start":{"line":121,"column":8},"end":{"line":121,"column":33}},"24":{"start":{"line":122,"column":8},"end":{"line":122,"column":72}},"25":{"start":{"line":123,"column":8},"end":{"line":123,"column":4473}},"26":{"start":{"line":129,"column":8},"end":{"line":129,"column":46}},"27":{"start":{"line":133,"column":8},"end":{"line":133,"column":33}}},"branchMap":{"1":{"line":55,"type":"if","locations":[{"start":{"line":55,"column":8},"end":{"line":55,"column":8}},{"start":{"line":55,"column":8},"end":{"line":55,"column":8}}]},"2":{"line":64,"type":"if","locations":[{"start":{"line":64,"column":8},"end":{"line":64,"column":8}},{"start":{"line":64,"column":8},"end":{"line":64,"column":8}}]},"3":{"line":72,"type":"if","locations":[{"start":{"line":72,"column":8},"end":{"line":72,"column":8}},{"start":{"line":72,"column":8},"end":{"line":72,"column":8}}]},"4":{"line":83,"type":"if","locations":[{"start":{"line":83,"column":8},"end":{"line":83,"column":8}},{"start":{"line":83,"column":8},"end":{"line":83,"column":8}}]},"5":{"line":88,"type":"if","locations":[{"start":{"line":88,"column":8},"end":{"line":88,"column":8}},{"start":{"line":88,"column":8},"end":{"line":88,"column":8}}]},"6":{"line":97,"type":"if","locations":[{"start":{"line":97,"column":8},"end":{"line":97,"column":8}},{"start":{"line":97,"column":8},"end":{"line":97,"column":8}}]},"7":{"line":118,"type":"if","locations":[{"start":{"line":118,"column":8},"end":{"line":118,"column":8}},{"start":{"line":118,"column":8},"end":{"line":118,"column":8}}]},"8":{"line":123,"type":"if","locations":[{"start":{"line":123,"column":8},"end":{"line":123,"column":8}},{"start":{"line":123,"column":8},"end":{"line":123,"column":8}}]}}},"contracts/test/BasicNft.sol":{"l":{"14":3,"18":15,"19":15,"20":15,"24":0,"25":0,"29":0},"path":"/mnt/c/Users/su-ad/Documents/hardhat-nft-marketplace-fcc/contracts/test/BasicNft.sol","s":{"1":3,"2":15,"3":15,"4":15,"5":0,"6":0,"7":0},"b":{"1":[0,0]},"f":{"1":3,"2":15,"3":0,"4":0},"fnMap":{"1":{"name":"constructor","line":13,"loc":{"start":{"line":13,"column":4},"end":{"line":15,"column":4}}},"2":{"name":"mintNft","line":17,"loc":{"start":{"line":17,"column":4},"end":{"line":21,"column":4}}},"3":{"name":"tokenURI","line":23,"loc":{"start":{"line":23,"column":4},"end":{"line":26,"column":4}}},"4":{"name":"getTokenCounter","line":28,"loc":{"start":{"line":28,"column":4},"end":{"line":30,"column":4}}}},"statementMap":{"1":{"start":{"line":14,"column":8},"end":{"line":14,"column":25}},"2":{"start":{"line":18,"column":8},"end":{"line":18,"column":44}},"3":{"start":{"line":19,"column":8},"end":{"line":19,"column":38}},"4":{"start":{"line":20,"column":8},"end":{"line":20,"column":42}},"5":{"start":{"line":24,"column":8},"end":{"line":24,"column":83}},"6":{"start":{"line":25,"column":8},"end":{"line":25,"column":24}},"7":{"start":{"line":29,"column":8},"end":{"line":29,"column":29}}},"branchMap":{"1":{"line":24,"type":"if","locations":[{"start":{"line":24,"column":8},"end":{"line":24,"column":8}},{"start":{"line":24,"column":8},"end":{"line":24,"column":8}}]}}}}